<?xml version="1.0" encoding="UTF-8"?>
<!-- Generated by org.testng.reporters.JUnitReportReporter -->
<testsuite skipped="0" hostname="xyz-PC" name="test.LoginTest" tests="2" failures="0" timestamp="24 Sep 2021 20:13:12 GMT" time="295.851" errors="0">
  <testcase name="login" time="39.455" classname="test.LoginTest"/>
  <testcase name="login" time="256.396" classname="test.LoginTest"/>
</testsuite> <!-- test.LoginTest -->
