<?xml version="1.0" encoding="UTF-8"?>
<!-- Generated by org.testng.reporters.JUnitReportReporter -->
<testsuite skipped="0" hostname="xyz-PC" name="test.ThreeTest" tests="1" failures="0" timestamp="24 Sep 2021 02:05:10 GMT" time="47.221" errors="0">
  <testcase name="testFour" time="47.221" classname="test.ThreeTest"/>
</testsuite> <!-- test.ThreeTest -->
