<?xml version="1.0" encoding="UTF-8"?>
<!-- Generated by org.testng.reporters.JUnitReportReporter -->
<testsuite skipped="0" hostname="xyz-PC" name="test.TwoTest" tests="1" failures="0" timestamp="24 Sep 2021 20:13:12 GMT" time="202.740" errors="0">
  <testcase name="twoTest" time="202.740" classname="test.TwoTest"/>
</testsuite> <!-- test.TwoTest -->
